c:\users\user\source\repos\qtwidgetsapplication3\qtwidgetsapplication3\debug\idgenerator.obj
c:\users\user\source\repos\qtwidgetsapplication3\qtwidgetsapplication3\debug\vehicle.obj
c:\users\user\source\repos\qtwidgetsapplication3\qtwidgetsapplication3\debug\utils.obj
c:\users\user\source\repos\qtwidgetsapplication3\qtwidgetsapplication3\debug\main.obj
c:\users\user\source\repos\qtwidgetsapplication3\qtwidgetsapplication3\debug\repository.obj
c:\users\user\source\repos\qtwidgetsapplication3\qtwidgetsapplication3\debug\qtwidgetsapplication3.obj
c:\users\user\source\repos\qtwidgetsapplication3\qtwidgetsapplication3\debug\qrc_qtwidgetsapplication3.obj
c:\users\user\source\repos\qtwidgetsapplication3\qtwidgetsapplication3\debug\moc_qtwidgetsapplication3.obj
c:\users\user\source\repos\qtwidgetsapplication3\qtwidgetsapplication3\debug\vc142.pdb
c:\users\user\source\repos\qtwidgetsapplication3\qtwidgetsapplication3\debug\datetime.obj
c:\users\user\source\repos\qtwidgetsapplication3\qtwidgetsapplication3\debug\ticket.obj
c:\users\user\source\repos\qtwidgetsapplication3\qtwidgetsapplication3\debug\parkinglot.obj
c:\users\user\source\repos\qtwidgetsapplication3\qtwidgetsapplication3\debug\servicevehicle.obj
c:\users\user\source\repos\qtwidgetsapplication3\qtwidgetsapplication3\debug\serviceparkinglot.obj
c:\users\user\source\repos\qtwidgetsapplication3\debug\qtwidgetsapplication3.exe
c:\users\user\source\repos\qtwidgetsapplication3\debug\qtwidgetsapplication3.ilk
c:\users\user\source\repos\qtwidgetsapplication3\debug\qtwidgetsapplication3.pdb
c:\users\user\source\repos\qtwidgetsapplication3\qtwidgetsapplication3\debug\moc\moc_qtwidgetsapplication3.cpp
c:\users\user\source\repos\qtwidgetsapplication3\qtwidgetsapplication3\debug\uic\ui_qtwidgetsapplication3.h
c:\users\user\source\repos\qtwidgetsapplication3\qtwidgetsapplication3\debug\rcc\qrc_qtwidgetsapplication3.cpp
c:\users\user\source\repos\qtwidgetsapplication3\qtwidgetsapplication3\debug\qtwidget.2d1c2db8.tlog\cl.command.1.tlog
c:\users\user\source\repos\qtwidgetsapplication3\qtwidgetsapplication3\debug\qtwidget.2d1c2db8.tlog\cl.read.1.tlog
c:\users\user\source\repos\qtwidgetsapplication3\qtwidgetsapplication3\debug\qtwidget.2d1c2db8.tlog\cl.write.1.tlog
c:\users\user\source\repos\qtwidgetsapplication3\qtwidgetsapplication3\debug\qtwidget.2d1c2db8.tlog\link.command.1.tlog
c:\users\user\source\repos\qtwidgetsapplication3\qtwidgetsapplication3\debug\qtwidget.2d1c2db8.tlog\link.read.1.tlog
c:\users\user\source\repos\qtwidgetsapplication3\qtwidgetsapplication3\debug\qtwidget.2d1c2db8.tlog\link.write.1.tlog
c:\users\user\source\repos\qtwidgetsapplication3\qtwidgetsapplication3\debug\qtwidget.2d1c2db8.tlog\moc.read.1u.tlog
c:\users\user\source\repos\qtwidgetsapplication3\qtwidgetsapplication3\debug\qtwidget.2d1c2db8.tlog\moc.write.1u.tlog
c:\users\user\source\repos\qtwidgetsapplication3\qtwidgetsapplication3\debug\qtwidget.2d1c2db8.tlog\qtwidgetsapplication3.write.1u.tlog
c:\users\user\source\repos\qtwidgetsapplication3\qtwidgetsapplication3\debug\qtwidget.2d1c2db8.tlog\rcc.read.1u.tlog
c:\users\user\source\repos\qtwidgetsapplication3\qtwidgetsapplication3\debug\qtwidget.2d1c2db8.tlog\rcc.write.1u.tlog
c:\users\user\source\repos\qtwidgetsapplication3\qtwidgetsapplication3\debug\qtwidget.2d1c2db8.tlog\uic.read.1u.tlog
c:\users\user\source\repos\qtwidgetsapplication3\qtwidgetsapplication3\debug\qtwidget.2d1c2db8.tlog\uic.write.1u.tlog
